[debug] [2025-08-29T10:06:23.673Z] ----------------------------------------------------------------------
[debug] [2025-08-29T10:06:23.675Z] Command:       /usr/local/share/nvm/versions/node/v22.17.0/bin/node /home/codespace/nvm/current/bin/firebase init
[debug] [2025-08-29T10:06:23.675Z] CLI Version:   14.15.1
[debug] [2025-08-29T10:06:23.676Z] Platform:      linux
[debug] [2025-08-29T10:06:23.676Z] Node Version:  v22.17.0
[debug] [2025-08-29T10:06:23.676Z] Time:          Fri Aug 29 2025 10:06:23 GMT+0000 (Coordinated Universal Time)
[debug] [2025-08-29T10:06:23.676Z] Env Overrides: GITHUB_API_URL, GITHUB_API_URL
[debug] [2025-08-29T10:06:23.676Z] ----------------------------------------------------------------------
[debug] 
[debug] [2025-08-29T10:06:23.689Z] > command requires scopes: ["email","openid","https://www.googleapis.com/auth/cloudplatformprojects.readonly","https://www.googleapis.com/auth/firebase","https://www.googleapis.com/auth/cloud-platform"]
[debug] [2025-08-29T10:06:23.691Z] > authorizing via signed-in user (ojtitchener@gmail.com)
[info] 
     ######## #### ########  ######## ########     ###     ######  ########
     ##        ##  ##     ## ##       ##     ##  ##   ##  ##       ##
     ######    ##  ########  ######   ########  #########  ######  ######
     ##        ##  ##    ##  ##       ##     ## ##     ##       ## ##
     ##       #### ##     ## ######## ########  ##     ##  ######  ########

You're about to initialize a Firebase project in this directory:

  /workspaces/BurnabyDarts

Before we get started, keep in mind:

  * You are currently outside your home directory

[info] 
=== Project Setup
[info] 
[info] First, let's associate this project directory with a Firebase project.
[info] You can create multiple project aliases by running firebase use --add, 
[info] but for now we'll just set up a default project.
[info] 
[info] i  If you want to create a project in a Google Cloud organization or folder, please use "firebase projects:create" instead, and return to this command when you've created the project. 
[debug] [2025-08-29T10:09:30.302Z] Checked if tokens are valid: true, expires at: 1756465569558
[debug] [2025-08-29T10:09:30.302Z] Checked if tokens are valid: true, expires at: 1756465569558
[debug] [2025-08-29T10:09:30.312Z] >>> [apiv2][query] POST https://firebase.googleapis.com/v1/projects:checkProjectId [none]
[debug] [2025-08-29T10:09:30.317Z] >>> [apiv2][body] POST https://firebase.googleapis.com/v1/projects:checkProjectId {"proposedId":"burnabyDartsDev"}
[debug] [2025-08-29T10:09:30.706Z] <<< [apiv2][status] POST https://firebase.googleapis.com/v1/projects:checkProjectId 200
[debug] [2025-08-29T10:09:30.706Z] <<< [apiv2][body] POST https://firebase.googleapis.com/v1/projects:checkProjectId {"projectIdStatus":"PROJECT_ID_NOT_VALID","suggestedProjectId":"burnabydartsdev"}
[debug] [2025-08-29T10:09:34.945Z] Checked if tokens are valid: true, expires at: 1756465569558
[debug] [2025-08-29T10:09:34.946Z] Checked if tokens are valid: true, expires at: 1756465569558
[debug] [2025-08-29T10:09:34.946Z] >>> [apiv2][query] POST https://firebase.googleapis.com/v1/projects:checkProjectId [none]
[debug] [2025-08-29T10:09:34.947Z] >>> [apiv2][body] POST https://firebase.googleapis.com/v1/projects:checkProjectId {"proposedId":"burnabyDartsDevv"}
[debug] [2025-08-29T10:09:35.171Z] <<< [apiv2][status] POST https://firebase.googleapis.com/v1/projects:checkProjectId 200
[debug] [2025-08-29T10:09:35.171Z] <<< [apiv2][body] POST https://firebase.googleapis.com/v1/projects:checkProjectId {"projectIdStatus":"PROJECT_ID_NOT_VALID","suggestedProjectId":"burnabydartsdevv"}
[debug] [2025-08-29T10:09:37.903Z] Checked if tokens are valid: true, expires at: 1756465569558
[debug] [2025-08-29T10:09:37.903Z] Checked if tokens are valid: true, expires at: 1756465569558
[debug] [2025-08-29T10:09:37.905Z] >>> [apiv2][query] POST https://firebase.googleapis.com/v1/projects:checkProjectId [none]
[debug] [2025-08-29T10:09:37.905Z] >>> [apiv2][body] POST https://firebase.googleapis.com/v1/projects:checkProjectId {"proposedId":"burnabyDartsDevv"}
[debug] [2025-08-29T10:09:38.092Z] <<< [apiv2][status] POST https://firebase.googleapis.com/v1/projects:checkProjectId 200
[debug] [2025-08-29T10:09:38.092Z] <<< [apiv2][body] POST https://firebase.googleapis.com/v1/projects:checkProjectId {"projectIdStatus":"PROJECT_ID_NOT_VALID","suggestedProjectId":"burnabydartsdevv"}
[debug] [2025-08-29T10:09:43.893Z] Checked if tokens are valid: true, expires at: 1756465569558
[debug] [2025-08-29T10:09:43.893Z] Checked if tokens are valid: true, expires at: 1756465569558
[debug] [2025-08-29T10:09:43.895Z] >>> [apiv2][query] POST https://firebase.googleapis.com/v1/projects:checkProjectId [none]
[debug] [2025-08-29T10:09:43.895Z] >>> [apiv2][body] POST https://firebase.googleapis.com/v1/projects:checkProjectId {"proposedId":"burnabydartsdev"}
[debug] [2025-08-29T10:09:44.080Z] <<< [apiv2][status] POST https://firebase.googleapis.com/v1/projects:checkProjectId 200
[debug] [2025-08-29T10:09:44.080Z] <<< [apiv2][body] POST https://firebase.googleapis.com/v1/projects:checkProjectId {"projectIdStatus":"PROJECT_ID_AVAILABLE","suggestedProjectId":"burnabydartsdev"}
[debug] [2025-08-29T10:09:51.791Z] Checked if tokens are valid: true, expires at: 1756465569558
[debug] [2025-08-29T10:09:51.791Z] Checked if tokens are valid: true, expires at: 1756465569558
[debug] [2025-08-29T10:09:51.792Z] >>> [apiv2][query] POST https://cloudresourcemanager.googleapis.com/v1/projects [none]
[debug] [2025-08-29T10:09:51.792Z] >>> [apiv2][body] POST https://cloudresourcemanager.googleapis.com/v1/projects {"projectId":"burnabydartsdev","name":"burnabydartsdev"}
[debug] [2025-08-29T10:09:52.487Z] <<< [apiv2][status] POST https://cloudresourcemanager.googleapis.com/v1/projects 200
[debug] [2025-08-29T10:09:52.487Z] <<< [apiv2][body] POST https://cloudresourcemanager.googleapis.com/v1/projects {"name":"operations/create_project.global.8274773913666271897"}
[debug] [2025-08-29T10:09:52.488Z] Checked if tokens are valid: true, expires at: 1756465569558
[debug] [2025-08-29T10:09:52.488Z] Checked if tokens are valid: true, expires at: 1756465569558
[debug] [2025-08-29T10:09:52.489Z] >>> [apiv2][query] GET https://cloudresourcemanager.googleapis.com/v1/operations/create_project.global.8274773913666271897 [none]
[debug] [2025-08-29T10:09:53.093Z] <<< [apiv2][status] GET https://cloudresourcemanager.googleapis.com/v1/operations/create_project.global.8274773913666271897 200
[debug] [2025-08-29T10:09:53.093Z] <<< [apiv2][body] GET https://cloudresourcemanager.googleapis.com/v1/operations/create_project.global.8274773913666271897 {"name":"operations/create_project.global.8274773913666271897"}
[debug] [2025-08-29T10:09:53.594Z] [Project Creation Poller] Retrying task index 0
[debug] [2025-08-29T10:09:53.595Z] Checked if tokens are valid: true, expires at: 1756465569558
[debug] [2025-08-29T10:09:53.595Z] Checked if tokens are valid: true, expires at: 1756465569558
[debug] [2025-08-29T10:09:53.595Z] >>> [apiv2][query] GET https://cloudresourcemanager.googleapis.com/v1/operations/create_project.global.8274773913666271897 [none]
[debug] [2025-08-29T10:09:53.757Z] <<< [apiv2][status] GET https://cloudresourcemanager.googleapis.com/v1/operations/create_project.global.8274773913666271897 200
[debug] [2025-08-29T10:09:53.757Z] <<< [apiv2][body] GET https://cloudresourcemanager.googleapis.com/v1/operations/create_project.global.8274773913666271897 {"name":"operations/create_project.global.8274773913666271897","metadata":{"@type":"type.googleapis.com/google.cloudresourcemanager.v1.ProjectCreationStatus","gettable":true,"ready":true},"done":true,"response":{"@type":"type.googleapis.com/google.cloudresourcemanager.v1.Project","projectNumber":"372591363063","projectId":"burnabydartsdev","lifecycleState":"ACTIVE","name":"burnabydartsdev","createTime":"2025-08-29T10:09:53.251589Z"}}
[debug] [2025-08-29T10:09:53.759Z] Checked if tokens are valid: true, expires at: 1756465569558
[debug] [2025-08-29T10:09:53.759Z] Checked if tokens are valid: true, expires at: 1756465569558
[debug] [2025-08-29T10:09:53.759Z] >>> [apiv2][query] POST https://firebase.googleapis.com/v1beta1/projects/burnabydartsdev:addFirebase [none]
[debug] [2025-08-29T10:09:57.394Z] <<< [apiv2][status] POST https://firebase.googleapis.com/v1beta1/projects/burnabydartsdev:addFirebase 200
[debug] [2025-08-29T10:09:57.394Z] <<< [apiv2][body] POST https://firebase.googleapis.com/v1beta1/projects/burnabydartsdev:addFirebase {"name":"operations/workflows/YTQxMTY1ZWQtNDBiYy00ODc0LWFiNDgtNzdkMjY2OWI5MjI3"}
[debug] [2025-08-29T10:09:57.394Z] Checked if tokens are valid: true, expires at: 1756465569558
[debug] [2025-08-29T10:09:57.395Z] Checked if tokens are valid: true, expires at: 1756465569558
[debug] [2025-08-29T10:09:57.395Z] >>> [apiv2][query] GET https://firebase.googleapis.com/v1beta1/operations/workflows/YTQxMTY1ZWQtNDBiYy00ODc0LWFiNDgtNzdkMjY2OWI5MjI3 [none]
[debug] [2025-08-29T10:10:00.671Z] <<< [apiv2][status] GET https://firebase.googleapis.com/v1beta1/operations/workflows/YTQxMTY1ZWQtNDBiYy00ODc0LWFiNDgtNzdkMjY2OWI5MjI3 200
[debug] [2025-08-29T10:10:00.671Z] <<< [apiv2][body] GET https://firebase.googleapis.com/v1beta1/operations/workflows/YTQxMTY1ZWQtNDBiYy00ODc0LWFiNDgtNzdkMjY2OWI5MjI3 {"name":"operations/workflows/YTQxMTY1ZWQtNDBiYy00ODc0LWFiNDgtNzdkMjY2OWI5MjI3"}
[debug] [2025-08-29T10:10:01.171Z] [Add Firebase Poller] Retrying task index 0
[debug] [2025-08-29T10:10:01.172Z] Checked if tokens are valid: true, expires at: 1756465569558
[debug] [2025-08-29T10:10:01.172Z] Checked if tokens are valid: true, expires at: 1756465569558
[debug] [2025-08-29T10:10:01.172Z] >>> [apiv2][query] GET https://firebase.googleapis.com/v1beta1/operations/workflows/YTQxMTY1ZWQtNDBiYy00ODc0LWFiNDgtNzdkMjY2OWI5MjI3 [none]
[debug] [2025-08-29T10:10:05.863Z] <<< [apiv2][status] GET https://firebase.googleapis.com/v1beta1/operations/workflows/YTQxMTY1ZWQtNDBiYy00ODc0LWFiNDgtNzdkMjY2OWI5MjI3 200
[debug] [2025-08-29T10:10:05.863Z] <<< [apiv2][body] GET https://firebase.googleapis.com/v1beta1/operations/workflows/YTQxMTY1ZWQtNDBiYy00ODc0LWFiNDgtNzdkMjY2OWI5MjI3 {"name":"operations/workflows/YTQxMTY1ZWQtNDBiYy00ODc0LWFiNDgtNzdkMjY2OWI5MjI3"}
[debug] [2025-08-29T10:10:06.863Z] [Add Firebase Poller] Retrying task index 0
[debug] [2025-08-29T10:10:06.863Z] Checked if tokens are valid: true, expires at: 1756465569558
[debug] [2025-08-29T10:10:06.864Z] Checked if tokens are valid: true, expires at: 1756465569558
[debug] [2025-08-29T10:10:06.864Z] >>> [apiv2][query] GET https://firebase.googleapis.com/v1beta1/operations/workflows/YTQxMTY1ZWQtNDBiYy00ODc0LWFiNDgtNzdkMjY2OWI5MjI3 [none]
[debug] [2025-08-29T10:10:07.611Z] <<< [apiv2][status] GET https://firebase.googleapis.com/v1beta1/operations/workflows/YTQxMTY1ZWQtNDBiYy00ODc0LWFiNDgtNzdkMjY2OWI5MjI3 200
[debug] [2025-08-29T10:10:07.611Z] <<< [apiv2][body] GET https://firebase.googleapis.com/v1beta1/operations/workflows/YTQxMTY1ZWQtNDBiYy00ODc0LWFiNDgtNzdkMjY2OWI5MjI3 {"name":"operations/workflows/YTQxMTY1ZWQtNDBiYy00ODc0LWFiNDgtNzdkMjY2OWI5MjI3"}
[debug] [2025-08-29T10:10:09.611Z] [Add Firebase Poller] Retrying task index 0
[debug] [2025-08-29T10:10:09.612Z] Checked if tokens are valid: true, expires at: 1756465569558
[debug] [2025-08-29T10:10:09.612Z] Checked if tokens are valid: true, expires at: 1756465569558
[debug] [2025-08-29T10:10:09.612Z] >>> [apiv2][query] GET https://firebase.googleapis.com/v1beta1/operations/workflows/YTQxMTY1ZWQtNDBiYy00ODc0LWFiNDgtNzdkMjY2OWI5MjI3 [none]
[debug] [2025-08-29T10:10:10.059Z] <<< [apiv2][status] GET https://firebase.googleapis.com/v1beta1/operations/workflows/YTQxMTY1ZWQtNDBiYy00ODc0LWFiNDgtNzdkMjY2OWI5MjI3 200
[debug] [2025-08-29T10:10:10.059Z] <<< [apiv2][body] GET https://firebase.googleapis.com/v1beta1/operations/workflows/YTQxMTY1ZWQtNDBiYy00ODc0LWFiNDgtNzdkMjY2OWI5MjI3 {"name":"operations/workflows/YTQxMTY1ZWQtNDBiYy00ODc0LWFiNDgtNzdkMjY2OWI5MjI3","done":true,"response":{"@type":"type.googleapis.com/google.firebase.service.v1beta1.FirebaseProject","projectId":"burnabydartsdev","projectNumber":"372591363063","displayName":"burnabydartsdev","name":"projects/burnabydartsdev","resources":{"hostingSite":"burnabydartsdev"}}}
[info] 
[info] 🎉🎉🎉 Your Firebase project is ready! 🎉🎉🎉
[info] 
[info] Project information:
[info]    - Project ID: burnabydartsdev
[info]    - Project Name: burnabydartsdev
[info] 
[info] Firebase console is available at
[info] https://console.firebase.google.com/project/burnabydartsdev/overview
[info] i  Using project burnabydartsdev (burnabydartsdev) 
[info] 
=== Firestore Setup
[info] i  firestore: ensuring required API firestore.googleapis.com is enabled... 
[debug] [2025-08-29T10:10:10.065Z] Checked if tokens are valid: true, expires at: 1756465569558
[debug] [2025-08-29T10:10:10.065Z] Checked if tokens are valid: true, expires at: 1756465569558
[debug] [2025-08-29T10:10:10.065Z] >>> [apiv2][query] GET https://serviceusage.googleapis.com/v1/projects/burnabydartsdev/services/firestore.googleapis.com [none]
[debug] [2025-08-29T10:10:10.065Z] >>> [apiv2][(partial)header] GET https://serviceusage.googleapis.com/v1/projects/burnabydartsdev/services/firestore.googleapis.com x-goog-quota-user=projects/burnabydartsdev
[debug] [2025-08-29T10:10:11.410Z] <<< [apiv2][status] GET https://serviceusage.googleapis.com/v1/projects/burnabydartsdev/services/firestore.googleapis.com 200
[debug] [2025-08-29T10:10:11.410Z] <<< [apiv2][body] GET https://serviceusage.googleapis.com/v1/projects/burnabydartsdev/services/firestore.googleapis.com [omitted]
[warn] ⚠  firestore: missing required API firestore.googleapis.com. Enabling now... 
[debug] [2025-08-29T10:10:11.411Z] Checked if tokens are valid: true, expires at: 1756465569558
[debug] [2025-08-29T10:10:11.411Z] Checked if tokens are valid: true, expires at: 1756465569558
[debug] [2025-08-29T10:10:11.411Z] >>> [apiv2][query] POST https://serviceusage.googleapis.com/v1/projects/burnabydartsdev/services/firestore.googleapis.com:enable [none]
[debug] [2025-08-29T10:10:11.411Z] >>> [apiv2][(partial)header] POST https://serviceusage.googleapis.com/v1/projects/burnabydartsdev/services/firestore.googleapis.com:enable x-goog-quota-user=projects/burnabydartsdev
[debug] [2025-08-29T10:10:12.679Z] <<< [apiv2][status] POST https://serviceusage.googleapis.com/v1/projects/burnabydartsdev/services/firestore.googleapis.com:enable 200
[debug] [2025-08-29T10:10:12.679Z] <<< [apiv2][body] POST https://serviceusage.googleapis.com/v1/projects/burnabydartsdev/services/firestore.googleapis.com:enable [omitted]
[debug] [2025-08-29T10:10:22.687Z] Checked if tokens are valid: true, expires at: 1756465569558
[debug] [2025-08-29T10:10:22.687Z] Checked if tokens are valid: true, expires at: 1756465569558
[debug] [2025-08-29T10:10:22.687Z] >>> [apiv2][query] GET https://firestore.googleapis.com/v1/projects/burnabydartsdev/databases [none]
[debug] [2025-08-29T10:10:23.547Z] <<< [apiv2][status] GET https://firestore.googleapis.com/v1/projects/burnabydartsdev/databases 200
[debug] [2025-08-29T10:10:23.548Z] <<< [apiv2][body] GET https://firestore.googleapis.com/v1/projects/burnabydartsdev/databases {}
[debug] [2025-08-29T10:10:23.548Z] Checked if tokens are valid: true, expires at: 1756465569558
[debug] [2025-08-29T10:10:23.548Z] Checked if tokens are valid: true, expires at: 1756465569558
[debug] [2025-08-29T10:10:23.548Z] >>> [apiv2][query] GET https://firestore.googleapis.com/v1/projects/burnabydartsdev/locations [none]
[debug] [2025-08-29T10:10:24.577Z] <<< [apiv2][status] GET https://firestore.googleapis.com/v1/projects/burnabydartsdev/locations 200
[debug] [2025-08-29T10:10:24.577Z] <<< [apiv2][body] GET https://firestore.googleapis.com/v1/projects/burnabydartsdev/locations {"locations":[{"name":"projects/burnabydartsdev/locations/eur3","labels":{"appengine.googleapis.com/geo":"europe-west","cloud.googleapis.com/location":"eur3","cloud.googleapis.com/geo":"eur3"},"metadata":{"@type":"type.googleapis.com/google.firestore.admin.v1.LocationMetadata"},"locationId":"eur3","displayName":"Europe"},{"name":"projects/burnabydartsdev/locations/nam5","labels":{"appengine.googleapis.com/geo":"us-central","cloud.googleapis.com/location":"nam5","cloud.googleapis.com/geo":"nam5"},"metadata":{"@type":"type.googleapis.com/google.firestore.admin.v1.LocationMetadata"},"locationId":"nam5","displayName":"United States"},{"name":"projects/burnabydartsdev/locations/nam7","labels":{"cloud.googleapis.com/location":"nam7","cloud.googleapis.com/geo":"nam7"},"metadata":{"@type":"type.googleapis.com/google.firestore.admin.v1.LocationMetadata"},"locationId":"nam7","displayName":"United States"},{"name":"projects/burnabydartsdev/locations/africa-south1","labels":{"cloud.googleapis.com/location":"africa-south1","cloud.googleapis.com/region":"africa-south1"},"metadata":{"@type":"type.googleapis.com/google.firestore.admin.v1.LocationMetadata"},"locationId":"africa-south1","displayName":"Johannesburg"},{"name":"projects/burnabydartsdev/locations/asia-east1","labels":{"appengine.googleapis.com/region":"asia-east1","cloud.googleapis.com/location":"asia-east1","cloud.googleapis.com/region":"asia-east1"},"metadata":{"@type":"type.googleapis.com/google.firestore.admin.v1.LocationMetadata"},"locationId":"asia-east1","displayName":"Taiwan"},{"name":"projects/burnabydartsdev/locations/asia-east2","labels":{"appengine.googleapis.com/region":"asia-east2","cloud.googleapis.com/location":"asia-east2","cloud.googleapis.com/region":"asia-east2"},"metadata":{"@type":"type.googleapis.com/google.firestore.admin.v1.LocationMetadata"},"locationId":"asia-east2","displayName":"Hong Kong"},{"name":"projects/burnabydartsdev/locations/asia-northeast1","labels":{"appengine.googleapis.com/region":"asia-northeast1","cloud.googleapis.com/location":"asia-northeast1","cloud.googleapis.com/region":"asia-northeast1"},"metadata":{"@type":"type.googleapis.com/google.firestore.admin.v1.LocationMetadata"},"locationId":"asia-northeast1","displayName":"Tokyo"},{"name":"projects/burnabydartsdev/locations/asia-northeast2","labels":{"appengine.googleapis.com/region":"asia-northeast2","cloud.googleapis.com/location":"asia-northeast2","cloud.googleapis.com/region":"asia-northeast2"},"metadata":{"@type":"type.googleapis.com/google.firestore.admin.v1.LocationMetadata"},"locationId":"asia-northeast2","displayName":"Osaka"},{"name":"projects/burnabydartsdev/locations/asia-northeast3","labels":{"appengine.googleapis.com/region":"asia-northeast3","cloud.googleapis.com/location":"asia-northeast3","cloud.googleapis.com/region":"asia-northeast3"},"metadata":{"@type":"type.googleapis.com/google.firestore.admin.v1.LocationMetadata"},"locationId":"asia-northeast3","displayName":"Seoul"},{"name":"projects/burnabydartsdev/locations/asia-south1","labels":{"appengine.googleapis.com/region":"asia-south1","cloud.googleapis.com/location":"asia-south1","cloud.googleapis.com/region":"asia-south1"},"metadata":{"@type":"type.googleapis.com/google.firestore.admin.v1.LocationMetadata"},"locationId":"asia-south1","displayName":"Mumbai"},{"name":"projects/burnabydartsdev/locations/asia-south2","labels":{"cloud.googleapis.com/location":"asia-south2","cloud.googleapis.com/region":"asia-south2"},"metadata":{"@type":"type.googleapis.com/google.firestore.admin.v1.LocationMetadata"},"locationId":"asia-south2","displayName":"Delhi"},{"name":"projects/burnabydartsdev/locations/asia-southeast1","labels":{"appengine.googleapis.com/region":"asia-southeast1","cloud.googleapis.com/location":"asia-southeast1","cloud.googleapis.com/region":"asia-southeast1"},"metadata":{"@type":"type.googleapis.com/google.firestore.admin.v1.LocationMetadata"},"locationId":"asia-southeast1","displayName":"Singapore"},{"name":"projects/burnabydartsdev/locations/asia-southeast2","labels":{"appengine.googleapis.com/region":"asia-southeast2","cloud.googleapis.com/location":"asia-southeast2","cloud.googleapis.com/region":"asia-southeast2"},"metadata":{"@type":"type.googleapis.com/google.firestore.admin.v1.LocationMetadata"},"locationId":"asia-southeast2","displayName":"Jakarta"},{"name":"projects/burnabydartsdev/locations/australia-southeast1","labels":{"appengine.googleapis.com/region":"australia-southeast1","cloud.googleapis.com/location":"australia-southeast1","cloud.googleapis.com/region":"australia-southeast1"},"metadata":{"@type":"type.googleapis.com/google.firestore.admin.v1.LocationMetadata"},"locationId":"australia-southeast1","displayName":"Sydney"},{"name":"projects/burnabydartsdev/locations/australia-southeast2","labels":{"cloud.googleapis.com/location":"australia-southeast2","cloud.googleapis.com/region":"australia-southeast2"},"metadata":{"@type":"type.googleapis.com/google.firestore.admin.v1.LocationMetadata"},"locationId":"australia-southeast2","displayName":"Melbourne"},{"name":"projects/burnabydartsdev/locations/europe-central2","labels":{"appengine.googleapis.com/region":"europe-central2","cloud.googleapis.com/location":"europe-central2","cloud.googleapis.com/region":"europe-central2"},"metadata":{"@type":"type.googleapis.com/google.firestore.admin.v1.LocationMetadata"},"locationId":"europe-central2","displayName":"Warsaw"},{"name":"projects/burnabydartsdev/locations/europe-north1","labels":{"cloud.googleapis.com/location":"europe-north1","cloud.googleapis.com/region":"europe-north1"},"metadata":{"@type":"type.googleapis.com/google.firestore.admin.v1.LocationMetadata"},"locationId":"europe-north1","displayName":"Finland"},{"name":"projects/burnabydartsdev/locations/europe-north2","labels":{"cloud.googleapis.com/location":"europe-north2","cloud.googleapis.com/region":"europe-north2"},"metadata":{"@type":"type.googleapis.com/google.firestore.admin.v1.LocationMetadata"},"locationId":"europe-north2","displayName":"Stockholm"},{"name":"projects/burnabydartsdev/locations/europe-southwest1","labels":{"cloud.googleapis.com/location":"europe-southwest1","cloud.googleapis.com/region":"europe-southwest1"},"metadata":{"@type":"type.googleapis.com/google.firestore.admin.v1.LocationMetadata"},"locationId":"europe-southwest1","displayName":"Madrid"},{"name":"projects/burnabydartsdev/locations/europe-west1","labels":{"cloud.googleapis.com/location":"europe-west1","cloud.googleapis.com/region":"europe-west1"},"metadata":{"@type":"type.googleapis.com/google.firestore.admin.v1.LocationMetadata"},"locationId":"europe-west1","displayName":"Belgium"},{"name":"projects/burnabydartsdev/locations/europe-west10","labels":{"cloud.googleapis.com/location":"europe-west10","cloud.googleapis.com/region":"europe-west10"},"metadata":{"@type":"type.googleapis.com/google.firestore.admin.v1.LocationMetadata"},"locationId":"europe-west10","displayName":"Berlin"},{"name":"projects/burnabydartsdev/locations/europe-west12","labels":{"cloud.googleapis.com/location":"europe-west12","cloud.googleapis.com/region":"europe-west12"},"metadata":{"@type":"type.googleapis.com/google.firestore.admin.v1.LocationMetadata"},"locationId":"europe-west12","displayName":"Turin"},{"name":"projects/burnabydartsdev/locations/europe-west2","labels":{"appengine.googleapis.com/region":"europe-west2","cloud.googleapis.com/location":"europe-west2","cloud.googleapis.com/region":"europe-west2"},"metadata":{"@type":"type.googleapis.com/google.firestore.admin.v1.LocationMetadata"},"locationId":"europe-west2","displayName":"London"},{"name":"projects/burnabydartsdev/locations/europe-west3","labels":{"appengine.googleapis.com/region":"europe-west3","cloud.googleapis.com/location":"europe-west3","cloud.googleapis.com/region":"europe-west3"},"metadata":{"@type":"type.googleapis.com/google.firestore.admin.v1.LocationMetadata"},"locationId":"europe-west3","displayName":"Frankfurt"},{"name":"projects/burnabydartsdev/locations/europe-west4","labels":{"cloud.googleapis.com/location":"europe-west4","cloud.googleapis.com/region":"europe-west4"},"metadata":{"@type":"type.googleapis.com/google.firestore.admin.v1.LocationMetadata"},"locationId":"europe-west4","displayName":"Netherlands"},{"name":"projects/burnabydartsdev/locations/europe-west6","labels":{"appengine.googleapis.com/region":"europe-west6","cloud.googleapis.com/location":"europe-west6","cloud.googleapis.com/region":"europe-west6"},"metadata":{"@type":"type.googleapis.com/google.firestore.admin.v1.LocationMetadata"},"locationId":"europe-west6","displayName":"Zurich"},{"name":"projects/burnabydartsdev/locations/europe-west8","labels":{"cloud.googleapis.com/location":"europe-west8","cloud.googleapis.com/region":"europe-west8"},"metadata":{"@type":"type.googleapis.com/google.firestore.admin.v1.LocationMetadata"},"locationId":"europe-west8","displayName":"Milan"},{"name":"projects/burnabydartsdev/locations/europe-west9","labels":{"cloud.googleapis.com/location":"europe-west9","cloud.googleapis.com/region":"europe-west9"},"metadata":{"@type":"type.googleapis.com/google.firestore.admin.v1.LocationMetadata"},"locationId":"europe-west9","displayName":"Paris"},{"name":"projects/burnabydartsdev/locations/me-central1","labels":{"cloud.googleapis.com/location":"me-central1","cloud.googleapis.com/region":"me-central1"},"metadata":{"@type":"type.googleapis.com/google.firestore.admin.v1.LocationMetadata"},"locationId":"me-central1","displayName":"Doha"},{"name":"projects/burnabydartsdev/locations/me-central2","labels":{"cloud.googleapis.com/location":"me-central2","cloud.googleapis.com/region":"me-central2"},"metadata":{"@type":"type.googleapis.com/google.firestore.admin.v1.LocationMetadata"},"locationId":"me-central2","displayName":"Dammam"},{"name":"projects/burnabydartsdev/locations/me-west1","labels":{"cloud.googleapis.com/location":"me-west1","cloud.googleapis.com/region":"me-west1"},"metadata":{"@type":"type.googleapis.com/google.firestore.admin.v1.LocationMetadata"},"locationId":"me-west1","displayName":"Tel Aviv"},{"name":"projects/burnabydartsdev/locations/northamerica-northeast1","labels":{"appengine.googleapis.com/region":"northamerica-northeast1","cloud.googleapis.com/location":"northamerica-northeast1","cloud.googleapis.com/region":"northamerica-northeast1"},"metadata":{"@type":"type.googleapis.com/google.firestore.admin.v1.LocationMetadata"},"locationId":"northamerica-northeast1","displayName":"Montréal"},{"name":"projects/burnabydartsdev/locations/northamerica-northeast2","labels":{"cloud.googleapis.com/location":"northamerica-northeast2","cloud.googleapis.com/region":"northamerica-northeast2"},"metadata":{"@type":"type.googleapis.com/google.firestore.admin.v1.LocationMetadata"},"locationId":"northamerica-northeast2","displayName":"Toronto"},{"name":"projects/burnabydartsdev/locations/northamerica-south1","labels":{"cloud.googleapis.com/location":"northamerica-south1","cloud.googleapis.com/region":"northamerica-south1"},"metadata":{"@type":"type.googleapis.com/google.firestore.admin.v1.LocationMetadata"},"locationId":"northamerica-south1","displayName":"Mexico"},{"name":"projects/burnabydartsdev/locations/southamerica-east1","labels":{"appengine.googleapis.com/region":"southamerica-east1","cloud.googleapis.com/location":"southamerica-east1","cloud.googleapis.com/region":"southamerica-east1"},"metadata":{"@type":"type.googleapis.com/google.firestore.admin.v1.LocationMetadata"},"locationId":"southamerica-east1","displayName":"São Paulo"},{"name":"projects/burnabydartsdev/locations/southamerica-west1","labels":{"cloud.googleapis.com/location":"southamerica-west1","cloud.googleapis.com/region":"southamerica-west1"},"metadata":{"@type":"type.googleapis.com/google.firestore.admin.v1.LocationMetadata"},"locationId":"southamerica-west1","displayName":"Santiago"},{"name":"projects/burnabydartsdev/locations/us-central1","labels":{"cloud.googleapis.com/location":"us-central1","cloud.googleapis.com/region":"us-central1"},"metadata":{"@type":"type.googleapis.com/google.firestore.admin.v1.LocationMetadata"},"locationId":"us-central1","displayName":"Iowa"},{"name":"projects/burnabydartsdev/locations/us-east1","labels":{"appengine.googleapis.com/region":"us-east1","cloud.googleapis.com/location":"us-east1","cloud.googleapis.com/region":"us-east1"},"metadata":{"@type":"type.googleapis.com/google.firestore.admin.v1.LocationMetadata"},"locationId":"us-east1","displayName":"South Carolina"},{"name":"projects/burnabydartsdev/locations/us-east4","labels":{"appengine.googleapis.com/region":"us-east4","cloud.googleapis.com/location":"us-east4","cloud.googleapis.com/region":"us-east4"},"metadata":{"@type":"type.googleapis.com/google.firestore.admin.v1.LocationMetadata"},"locationId":"us-east4","displayName":"Northern Virginia"},{"name":"projects/burnabydartsdev/locations/us-east5","labels":{"cloud.googleapis.com/location":"us-east5","cloud.googleapis.com/region":"us-east5"},"metadata":{"@type":"type.googleapis.com/google.firestore.admin.v1.LocationMetadata"},"locationId":"us-east5","displayName":"Columbus"},{"name":"projects/burnabydartsdev/locations/us-south1","labels":{"cloud.googleapis.com/location":"us-south1","cloud.googleapis.com/region":"us-south1"},"metadata":{"@type":"type.googleapis.com/google.firestore.admin.v1.LocationMetadata"},"locationId":"us-south1","displayName":"Dallas"},{"name":"projects/burnabydartsdev/locations/us-west1","labels":{"appengine.googleapis.com/region":"us-west1","cloud.googleapis.com/location":"us-west1","cloud.googleapis.com/region":"us-west1"},"metadata":{"@type":"type.googleapis.com/google.firestore.admin.v1.LocationMetadata"},"locationId":"us-west1","displayName":"Oregon"},{"name":"projects/burnabydartsdev/locations/us-west2","labels":{"appengine.googleapis.com/region":"us-west2","cloud.googleapis.com/location":"us-west2","cloud.googleapis.com/region":"us-west2"},"metadata":{"@type":"type.googleapis.com/google.firestore.admin.v1.LocationMetadata"},"locationId":"us-west2","displayName":"Los Angeles"},{"name":"projects/burnabydartsdev/locations/us-west3","labels":{"appengine.googleapis.com/region":"us-west3","cloud.googleapis.com/location":"us-west3","cloud.googleapis.com/region":"us-west3"},"metadata":{"@type":"type.googleapis.com/google.firestore.admin.v1.LocationMetadata"},"locationId":"us-west3","displayName":"Salt Lake City"},{"name":"projects/burnabydartsdev/locations/us-west4","labels":{"appengine.googleapis.com/region":"us-west4","cloud.googleapis.com/location":"us-west4","cloud.googleapis.com/region":"us-west4"},"metadata":{"@type":"type.googleapis.com/google.firestore.admin.v1.LocationMetadata"},"locationId":"us-west4","displayName":"Las Vegas"}]}
[info] 
[info] Firestore Security Rules allow you to define how and when to allow
[info] requests. You can keep these rules in your project directory
[info] and publish them with firebase deploy.
[info] 
